[0.137s] DEBUG:colcon:Command line arguments: ['/usr/bin/colcon', 'build', '--packages-select', 'fusion_sense']
[0.137s] DEBUG:colcon:Parsed command line arguments: Namespace(log_base=None, log_level=None, verb_name='build', build_base='build', install_base='install', merge_install=False, symlink_install=False, test_result_base=None, continue_on_error=False, executor='parallel', parallel_workers=20, event_handlers=None, ignore_user_meta=False, metas=['./colcon.meta'], base_paths=['.'], packages_ignore=None, packages_ignore_regex=None, paths=None, packages_up_to=None, packages_up_to_regex=None, packages_above=None, packages_above_and_dependencies=None, packages_above_depth=None, packages_select_by_dep=None, packages_skip_by_dep=None, packages_skip_up_to=None, packages_select_build_failed=False, packages_skip_build_finished=False, packages_select_test_failures=False, packages_skip_test_passed=False, packages_select=['fusion_sense'], packages_skip=None, packages_select_regex=None, packages_skip_regex=None, packages_start=None, packages_end=None, allow_overriding=[], cmake_args=None, cmake_target=None, cmake_target_skip_unavailable=False, cmake_clean_cache=False, cmake_clean_first=False, cmake_force_configure=False, ament_cmake_args=None, catkin_cmake_args=None, catkin_skip_building_tests=False, mixin_files=None, mixin=None, verb_parser=<colcon_mixin.mixin.mixin_argument.MixinArgumentDecorator object at 0x7f0146241480>, verb_extension=<colcon_core.verb.build.BuildVerb object at 0x7f01462046a0>, main=<bound method BuildVerb.main of <colcon_core.verb.build.BuildVerb object at 0x7f01462046a0>>, mixin_verb=('build',))
[0.335s] Level 1:colcon.colcon_core.package_discovery:discover_packages(colcon_meta) check parameters
[0.335s] Level 1:colcon.colcon_core.package_discovery:discover_packages(recursive) check parameters
[0.335s] Level 1:colcon.colcon_core.package_discovery:discover_packages(ignore) check parameters
[0.335s] Level 1:colcon.colcon_core.package_discovery:discover_packages(path) check parameters
[0.335s] Level 1:colcon.colcon_core.package_discovery:discover_packages(colcon_meta) discover
[0.335s] Level 1:colcon.colcon_core.package_discovery:discover_packages(recursive) discover
[0.335s] INFO:colcon.colcon_core.package_discovery:Crawling recursively for packages in '/home/zf540/tactile_recon_ws/src/realsense_ROS2_interface'
[0.336s] Level 1:colcon.colcon_core.package_identification:_identify(.) by extensions ['ignore', 'ignore_ament_install']
[0.336s] Level 1:colcon.colcon_core.package_identification:_identify(.) by extension 'ignore'
[0.336s] Level 1:colcon.colcon_core.package_identification:_identify(.) by extension 'ignore_ament_install'
[0.336s] Level 1:colcon.colcon_core.package_identification:_identify(.) by extensions ['colcon_pkg']
[0.336s] Level 1:colcon.colcon_core.package_identification:_identify(.) by extension 'colcon_pkg'
[0.336s] Level 1:colcon.colcon_core.package_identification:_identify(.) by extensions ['colcon_meta']
[0.336s] Level 1:colcon.colcon_core.package_identification:_identify(.) by extension 'colcon_meta'
[0.336s] Level 1:colcon.colcon_core.package_identification:_identify(.) by extensions ['ros']
[0.336s] Level 1:colcon.colcon_core.package_identification:_identify(.) by extension 'ros'
[0.346s] Level 1:colcon.colcon_core.package_identification:_identify(.) by extensions ['cmake', 'python']
[0.346s] Level 1:colcon.colcon_core.package_identification:_identify(.) by extension 'cmake'
[0.346s] Level 1:colcon.colcon_core.package_identification:_identify(.) by extension 'python'
[0.346s] Level 1:colcon.colcon_core.package_identification:_identify(.) by extensions ['python_setup_py']
[0.346s] Level 1:colcon.colcon_core.package_identification:_identify(.) by extension 'python_setup_py'
[0.346s] Level 1:colcon.colcon_core.package_identification:_identify(build) by extensions ['ignore', 'ignore_ament_install']
[0.346s] Level 1:colcon.colcon_core.package_identification:_identify(build) by extension 'ignore'
[0.346s] Level 1:colcon.colcon_core.package_identification:_identify(build) ignored
[0.346s] Level 1:colcon.colcon_core.package_identification:_identify(install) by extensions ['ignore', 'ignore_ament_install']
[0.346s] Level 1:colcon.colcon_core.package_identification:_identify(install) by extension 'ignore'
[0.346s] Level 1:colcon.colcon_core.package_identification:_identify(install) ignored
[0.347s] Level 1:colcon.colcon_core.package_identification:_identify(log) by extensions ['ignore', 'ignore_ament_install']
[0.347s] Level 1:colcon.colcon_core.package_identification:_identify(log) by extension 'ignore'
[0.347s] Level 1:colcon.colcon_core.package_identification:_identify(log) ignored
[0.347s] Level 1:colcon.colcon_core.package_identification:_identify(realsense_capture) by extensions ['ignore', 'ignore_ament_install']
[0.347s] Level 1:colcon.colcon_core.package_identification:_identify(realsense_capture) by extension 'ignore'
[0.347s] Level 1:colcon.colcon_core.package_identification:_identify(realsense_capture) by extension 'ignore_ament_install'
[0.347s] Level 1:colcon.colcon_core.package_identification:_identify(realsense_capture) by extensions ['colcon_pkg']
[0.347s] Level 1:colcon.colcon_core.package_identification:_identify(realsense_capture) by extension 'colcon_pkg'
[0.347s] Level 1:colcon.colcon_core.package_identification:_identify(realsense_capture) by extensions ['colcon_meta']
[0.347s] Level 1:colcon.colcon_core.package_identification:_identify(realsense_capture) by extension 'colcon_meta'
[0.347s] Level 1:colcon.colcon_core.package_identification:_identify(realsense_capture) by extensions ['ros']
[0.347s] Level 1:colcon.colcon_core.package_identification:_identify(realsense_capture) by extension 'ros'
[0.349s] DEBUG:colcon.colcon_core.package_identification:Package 'realsense_capture' with type 'ros.ament_python' and name 'realsense_capture'
[0.349s] Level 1:colcon.colcon_core.package_identification:_identify(realsense_interface_msg) by extensions ['ignore', 'ignore_ament_install']
[0.349s] Level 1:colcon.colcon_core.package_identification:_identify(realsense_interface_msg) by extension 'ignore'
[0.349s] Level 1:colcon.colcon_core.package_identification:_identify(realsense_interface_msg) by extension 'ignore_ament_install'
[0.349s] Level 1:colcon.colcon_core.package_identification:_identify(realsense_interface_msg) by extensions ['colcon_pkg']
[0.349s] Level 1:colcon.colcon_core.package_identification:_identify(realsense_interface_msg) by extension 'colcon_pkg'
[0.349s] Level 1:colcon.colcon_core.package_identification:_identify(realsense_interface_msg) by extensions ['colcon_meta']
[0.349s] Level 1:colcon.colcon_core.package_identification:_identify(realsense_interface_msg) by extension 'colcon_meta'
[0.349s] Level 1:colcon.colcon_core.package_identification:_identify(realsense_interface_msg) by extensions ['ros']
[0.350s] Level 1:colcon.colcon_core.package_identification:_identify(realsense_interface_msg) by extension 'ros'
[0.350s] DEBUG:colcon.colcon_core.package_identification:Package 'realsense_interface_msg' with type 'ros.ament_cmake' and name 'realsense_interface_msg'
[0.350s] Level 1:colcon.colcon_core.package_discovery:discover_packages(recursive) using defaults
[0.350s] Level 1:colcon.colcon_core.package_discovery:discover_packages(ignore) discover
[0.350s] Level 1:colcon.colcon_core.package_discovery:discover_packages(ignore) using defaults
[0.350s] Level 1:colcon.colcon_core.package_discovery:discover_packages(path) discover
[0.350s] Level 1:colcon.colcon_core.package_discovery:discover_packages(path) using defaults
[0.350s] WARNING:colcon.colcon_core.package_selection:ignoring unknown package 'fusion_sense' in --packages-select
[0.368s] INFO:colcon.colcon_core.package_selection:Skipping not selected package 'realsense_capture' in 'realsense_capture'
[0.368s] INFO:colcon.colcon_core.package_selection:Skipping not selected package 'realsense_interface_msg' in 'realsense_interface_msg'
[0.368s] Level 1:colcon.colcon_core.package_discovery:discover_packages(prefix_path) check parameters
[0.368s] Level 1:colcon.colcon_core.package_discovery:discover_packages(prefix_path) discover
[0.370s] DEBUG:colcon.colcon_installed_package_information.package_discovery:Found 17 installed packages in /home/zf540/tactile_recon_ws/install
[0.372s] DEBUG:colcon.colcon_installed_package_information.package_discovery:Found 340 installed packages in /opt/ros/humble
[0.374s] Level 1:colcon.colcon_core.package_discovery:discover_packages(prefix_path) using defaults
[0.412s] INFO:colcon.colcon_core.executor:Executing jobs using 'parallel' executor
[0.413s] DEBUG:colcon.colcon_parallel_executor.executor.parallel:run_until_complete
[0.413s] DEBUG:colcon.colcon_parallel_executor.executor.parallel:closing loop
[0.413s] DEBUG:colcon.colcon_parallel_executor.executor.parallel:loop closed
[0.413s] DEBUG:colcon.colcon_parallel_executor.executor.parallel:run_until_complete finished with '0'
[0.413s] DEBUG:colcon.colcon_core.event_reactor:joining thread
[0.419s] INFO:colcon.colcon_core.plugin_system:Skipping extension 'colcon_notification.desktop_notification.terminal_notifier': Not used on non-Darwin systems
[0.419s] INFO:colcon.colcon_core.plugin_system:Skipping extension 'colcon_notification.desktop_notification.win32': Not used on non-Windows systems
[0.419s] INFO:colcon.colcon_notification.desktop_notification:Sending desktop notification using 'notify2'
[0.440s] DEBUG:colcon.colcon_core.event_reactor:joined thread
[0.445s] INFO:colcon.colcon_core.plugin_system:Skipping extension 'colcon_core.shell.bat': Not used on non-Windows systems
[0.446s] INFO:colcon.colcon_core.shell:Creating prefix script '/home/zf540/tactile_recon_ws/src/realsense_ROS2_interface/install/local_setup.ps1'
[0.448s] INFO:colcon.colcon_core.shell:Creating prefix util module '/home/zf540/tactile_recon_ws/src/realsense_ROS2_interface/install/_local_setup_util_ps1.py'
[0.452s] INFO:colcon.colcon_core.shell:Creating prefix chain script '/home/zf540/tactile_recon_ws/src/realsense_ROS2_interface/install/setup.ps1'
[0.455s] INFO:colcon.colcon_core.shell:Creating prefix script '/home/zf540/tactile_recon_ws/src/realsense_ROS2_interface/install/local_setup.sh'
[0.456s] INFO:colcon.colcon_core.shell:Creating prefix util module '/home/zf540/tactile_recon_ws/src/realsense_ROS2_interface/install/_local_setup_util_sh.py'
[0.457s] INFO:colcon.colcon_core.shell:Creating prefix chain script '/home/zf540/tactile_recon_ws/src/realsense_ROS2_interface/install/setup.sh'
[0.460s] INFO:colcon.colcon_core.shell:Creating prefix script '/home/zf540/tactile_recon_ws/src/realsense_ROS2_interface/install/local_setup.bash'
[0.461s] INFO:colcon.colcon_core.shell:Creating prefix chain script '/home/zf540/tactile_recon_ws/src/realsense_ROS2_interface/install/setup.bash'
[0.464s] INFO:colcon.colcon_core.shell:Creating prefix script '/home/zf540/tactile_recon_ws/src/realsense_ROS2_interface/install/local_setup.zsh'
[0.465s] INFO:colcon.colcon_core.shell:Creating prefix chain script '/home/zf540/tactile_recon_ws/src/realsense_ROS2_interface/install/setup.zsh'
